nohup: ignoring input
Start!
/ediss_data/ediss6/ali/miniconda3/envs/pytorch-CycleGAN-and-pix2pix/lib/python3.8/site-packages/sklearn/neighbors/_classification.py:233: DataConversionWarning: A column-vector y was passed when a 1d array was expected. Please change the shape of y to (n_samples,), for example using ravel().
  return self._fit(X, y)
/ediss_data/ediss6/ali/miniconda3/envs/pytorch-CycleGAN-and-pix2pix/lib/python3.8/site-packages/sklearn/neighbors/_classification.py:233: DataConversionWarning: A column-vector y was passed when a 1d array was expected. Please change the shape of y to (n_samples,), for example using ravel().
  return self._fit(X, y)
/ediss_data/ediss6/ali/miniconda3/envs/pytorch-CycleGAN-and-pix2pix/lib/python3.8/site-packages/sklearn/neighbors/_classification.py:233: DataConversionWarning: A column-vector y was passed when a 1d array was expected. Please change the shape of y to (n_samples,), for example using ravel().
  return self._fit(X, y)
/ediss_data/ediss6/ali/miniconda3/envs/pytorch-CycleGAN-and-pix2pix/lib/python3.8/site-packages/sklearn/utils/validation.py:1183: DataConversionWarning: A column-vector y was passed when a 1d array was expected. Please change the shape of y to (n_samples, ), for example using ravel().
  y = column_or_1d(y, warn=True)
/ediss_data/ediss6/ali/miniconda3/envs/pytorch-CycleGAN-and-pix2pix/lib/python3.8/site-packages/sklearn/utils/validation.py:1183: DataConversionWarning: A column-vector y was passed when a 1d array was expected. Please change the shape of y to (n_samples, ), for example using ravel().
  y = column_or_1d(y, warn=True)
/ediss_data/ediss6/ali/miniconda3/envs/pytorch-CycleGAN-and-pix2pix/lib/python3.8/site-packages/sklearn/utils/validation.py:1183: DataConversionWarning: A column-vector y was passed when a 1d array was expected. Please change the shape of y to (n_samples, ), for example using ravel().
  y = column_or_1d(y, warn=True)
/ediss_data/ediss6/ali/miniconda3/envs/pytorch-CycleGAN-and-pix2pix/lib/python3.8/site-packages/sklearn/utils/validation.py:1183: DataConversionWarning: A column-vector y was passed when a 1d array was expected. Please change the shape of y to (n_samples, ), for example using ravel().
  y = column_or_1d(y, warn=True)
/ediss_data/ediss6/ali/miniconda3/envs/pytorch-CycleGAN-and-pix2pix/lib/python3.8/site-packages/sklearn/utils/validation.py:1183: DataConversionWarning: A column-vector y was passed when a 1d array was expected. Please change the shape of y to (n_samples, ), for example using ravel().
  y = column_or_1d(y, warn=True)
/ediss_data/ediss6/ali/miniconda3/envs/pytorch-CycleGAN-and-pix2pix/lib/python3.8/site-packages/sklearn/utils/validation.py:1183: DataConversionWarning: A column-vector y was passed when a 1d array was expected. Please change the shape of y to (n_samples, ), for example using ravel().
  y = column_or_1d(y, warn=True)
/ediss_data/ediss6/ali/miniconda3/envs/pytorch-CycleGAN-and-pix2pix/lib/python3.8/site-packages/sklearn/utils/validation.py:1183: DataConversionWarning: A column-vector y was passed when a 1d array was expected. Please change the shape of y to (n_samples, ), for example using ravel().
  y = column_or_1d(y, warn=True)
/ediss_data/ediss6/ali/miniconda3/envs/pytorch-CycleGAN-and-pix2pix/lib/python3.8/site-packages/sklearn/neighbors/_classification.py:233: DataConversionWarning: A column-vector y was passed when a 1d array was expected. Please change the shape of y to (n_samples,), for example using ravel().
  return self._fit(X, y)
/ediss_data/ediss6/ali/miniconda3/envs/pytorch-CycleGAN-and-pix2pix/lib/python3.8/site-packages/sklearn/neighbors/_classification.py:233: DataConversionWarning: A column-vector y was passed when a 1d array was expected. Please change the shape of y to (n_samples,), for example using ravel().
  return self._fit(X, y)
/ediss_data/ediss6/ali/miniconda3/envs/pytorch-CycleGAN-and-pix2pix/lib/python3.8/site-packages/sklearn/utils/validation.py:1183: DataConversionWarning: A column-vector y was passed when a 1d array was expected. Please change the shape of y to (n_samples, ), for example using ravel().
  y = column_or_1d(y, warn=True)
/ediss_data/ediss6/ali/miniconda3/envs/pytorch-CycleGAN-and-pix2pix/lib/python3.8/site-packages/sklearn/utils/validation.py:1183: DataConversionWarning: A column-vector y was passed when a 1d array was expected. Please change the shape of y to (n_samples, ), for example using ravel().
  y = column_or_1d(y, warn=True)
/ediss_data/ediss6/ali/miniconda3/envs/pytorch-CycleGAN-and-pix2pix/lib/python3.8/site-packages/sklearn/utils/validation.py:1183: DataConversionWarning: A column-vector y was passed when a 1d array was expected. Please change the shape of y to (n_samples, ), for example using ravel().
  y = column_or_1d(y, warn=True)
/ediss_data/ediss6/ali/miniconda3/envs/pytorch-CycleGAN-and-pix2pix/lib/python3.8/site-packages/sklearn/utils/validation.py:1183: DataConversionWarning: A column-vector y was passed when a 1d array was expected. Please change the shape of y to (n_samples, ), for example using ravel().
  y = column_or_1d(y, warn=True)
/ediss_data/ediss6/ali/miniconda3/envs/pytorch-CycleGAN-and-pix2pix/lib/python3.8/site-packages/sklearn/utils/validation.py:1183: DataConversionWarning: A column-vector y was passed when a 1d array was expected. Please change the shape of y to (n_samples, ), for example using ravel().
  y = column_or_1d(y, warn=True)
/ediss_data/ediss6/ali/miniconda3/envs/pytorch-CycleGAN-and-pix2pix/lib/python3.8/site-packages/sklearn/utils/validation.py:1183: DataConversionWarning: A column-vector y was passed when a 1d array was expected. Please change the shape of y to (n_samples, ), for example using ravel().
  y = column_or_1d(y, warn=True)
/ediss_data/ediss6/ali/miniconda3/envs/pytorch-CycleGAN-and-pix2pix/lib/python3.8/site-packages/sklearn/utils/validation.py:1183: DataConversionWarning: A column-vector y was passed when a 1d array was expected. Please change the shape of y to (n_samples, ), for example using ravel().
  y = column_or_1d(y, warn=True)
/ediss_data/ediss6/ali/miniconda3/envs/pytorch-CycleGAN-and-pix2pix/lib/python3.8/site-packages/sklearn/utils/validation.py:1183: DataConversionWarning: A column-vector y was passed when a 1d array was expected. Please change the shape of y to (n_samples, ), for example using ravel().
  y = column_or_1d(y, warn=True)
/ediss_data/ediss6/ali/miniconda3/envs/pytorch-CycleGAN-and-pix2pix/lib/python3.8/site-packages/sklearn/neighbors/_classification.py:233: DataConversionWarning: A column-vector y was passed when a 1d array was expected. Please change the shape of y to (n_samples,), for example using ravel().
  return self._fit(X, y)
/ediss_data/ediss6/ali/miniconda3/envs/pytorch-CycleGAN-and-pix2pix/lib/python3.8/site-packages/sklearn/neighbors/_classification.py:233: DataConversionWarning: A column-vector y was passed when a 1d array was expected. Please change the shape of y to (n_samples,), for example using ravel().
  return self._fit(X, y)
/ediss_data/ediss6/ali/miniconda3/envs/pytorch-CycleGAN-and-pix2pix/lib/python3.8/site-packages/sklearn/neighbors/_classification.py:233: DataConversionWarning: A column-vector y was passed when a 1d array was expected. Please change the shape of y to (n_samples,), for example using ravel().
  return self._fit(X, y)
/ediss_data/ediss6/ali/miniconda3/envs/pytorch-CycleGAN-and-pix2pix/lib/python3.8/site-packages/sklearn/utils/validation.py:1183: DataConversionWarning: A column-vector y was passed when a 1d array was expected. Please change the shape of y to (n_samples, ), for example using ravel().
  y = column_or_1d(y, warn=True)
/ediss_data/ediss6/ali/miniconda3/envs/pytorch-CycleGAN-and-pix2pix/lib/python3.8/site-packages/sklearn/utils/validation.py:1183: DataConversionWarning: A column-vector y was passed when a 1d array was expected. Please change the shape of y to (n_samples, ), for example using ravel().
  y = column_or_1d(y, warn=True)
/ediss_data/ediss6/ali/miniconda3/envs/pytorch-CycleGAN-and-pix2pix/lib/python3.8/site-packages/sklearn/utils/validation.py:1183: DataConversionWarning: A column-vector y was passed when a 1d array was expected. Please change the shape of y to (n_samples, ), for example using ravel().
  y = column_or_1d(y, warn=True)
/ediss_data/ediss6/ali/miniconda3/envs/pytorch-CycleGAN-and-pix2pix/lib/python3.8/site-packages/sklearn/utils/validation.py:1183: DataConversionWarning: A column-vector y was passed when a 1d array was expected. Please change the shape of y to (n_samples, ), for example using ravel().
  y = column_or_1d(y, warn=True)
/ediss_data/ediss6/ali/miniconda3/envs/pytorch-CycleGAN-and-pix2pix/lib/python3.8/site-packages/sklearn/utils/validation.py:1183: DataConversionWarning: A column-vector y was passed when a 1d array was expected. Please change the shape of y to (n_samples, ), for example using ravel().
  y = column_or_1d(y, warn=True)
/ediss_data/ediss6/ali/miniconda3/envs/pytorch-CycleGAN-and-pix2pix/lib/python3.8/site-packages/sklearn/utils/validation.py:1183: DataConversionWarning: A column-vector y was passed when a 1d array was expected. Please change the shape of y to (n_samples, ), for example using ravel().
  y = column_or_1d(y, warn=True)
/ediss_data/ediss6/ali/miniconda3/envs/pytorch-CycleGAN-and-pix2pix/lib/python3.8/site-packages/sklearn/utils/validation.py:1183: DataConversionWarning: A column-vector y was passed when a 1d array was expected. Please change the shape of y to (n_samples, ), for example using ravel().
  y = column_or_1d(y, warn=True)
Nearest Neighbors model is done.
Linear SVM model is done.
RBF SVM model is done.
Gaussian Process model is done.
Decision Tree model is done.
Random Forest model is done.
Neural Net model is done.
AdaBoost model is done.
Naive Bayes model is done.
QDA model is done.
GradientBoosting model is done.
SGD model is done.
Perceptron model is done.
/ediss_data/ediss6/ali/miniconda3/envs/pytorch-CycleGAN-and-pix2pix/lib/python3.8/site-packages/sklearn/base.py:1152: DataConversionWarning: A column-vector y was passed when a 1d array was expected. Please change the shape of y to (n_samples,), for example using ravel().
  return fit_method(estimator, *args, **kwargs)
/ediss_data/ediss6/ali/miniconda3/envs/pytorch-CycleGAN-and-pix2pix/lib/python3.8/site-packages/sklearn/neural_network/_multilayer_perceptron.py:1102: DataConversionWarning: A column-vector y was passed when a 1d array was expected. Please change the shape of y to (n_samples, ), for example using ravel().
  y = column_or_1d(y, warn=True)
/ediss_data/ediss6/ali/miniconda3/envs/pytorch-CycleGAN-and-pix2pix/lib/python3.8/site-packages/sklearn/neural_network/_multilayer_perceptron.py:1102: DataConversionWarning: A column-vector y was passed when a 1d array was expected. Please change the shape of y to (n_samples, ), for example using ravel().
  y = column_or_1d(y, warn=True)
/ediss_data/ediss6/ali/miniconda3/envs/pytorch-CycleGAN-and-pix2pix/lib/python3.8/site-packages/sklearn/utils/validation.py:1183: DataConversionWarning: A column-vector y was passed when a 1d array was expected. Please change the shape of y to (n_samples, ), for example using ravel().
  y = column_or_1d(y, warn=True)
/ediss_data/ediss6/ali/miniconda3/envs/pytorch-CycleGAN-and-pix2pix/lib/python3.8/site-packages/sklearn/utils/validation.py:1183: DataConversionWarning: A column-vector y was passed when a 1d array was expected. Please change the shape of y to (n_samples, ), for example using ravel().
  y = column_or_1d(y, warn=True)
/ediss_data/ediss6/ali/miniconda3/envs/pytorch-CycleGAN-and-pix2pix/lib/python3.8/site-packages/sklearn/utils/validation.py:1183: DataConversionWarning: A column-vector y was passed when a 1d array was expected. Please change the shape of y to (n_samples, ), for example using ravel().
  y = column_or_1d(y, warn=True)
/ediss_data/ediss6/ali/miniconda3/envs/pytorch-CycleGAN-and-pix2pix/lib/python3.8/site-packages/sklearn/utils/validation.py:1183: DataConversionWarning: A column-vector y was passed when a 1d array was expected. Please change the shape of y to (n_samples, ), for example using ravel().
  y = column_or_1d(y, warn=True)
/ediss_data/ediss6/ali/miniconda3/envs/pytorch-CycleGAN-and-pix2pix/lib/python3.8/site-packages/sklearn/utils/validation.py:1183: DataConversionWarning: A column-vector y was passed when a 1d array was expected. Please change the shape of y to (n_samples, ), for example using ravel().
  y = column_or_1d(y, warn=True)
/ediss_data/ediss6/ali/miniconda3/envs/pytorch-CycleGAN-and-pix2pix/lib/python3.8/site-packages/sklearn/utils/validation.py:1183: DataConversionWarning: A column-vector y was passed when a 1d array was expected. Please change the shape of y to (n_samples, ), for example using ravel().
  y = column_or_1d(y, warn=True)
/ediss_data/ediss6/ali/miniconda3/envs/pytorch-CycleGAN-and-pix2pix/lib/python3.8/site-packages/sklearn/utils/validation.py:1183: DataConversionWarning: A column-vector y was passed when a 1d array was expected. Please change the shape of y to (n_samples, ), for example using ravel().
  y = column_or_1d(y, warn=True)
/ediss_data/ediss6/ali/miniconda3/envs/pytorch-CycleGAN-and-pix2pix/lib/python3.8/site-packages/sklearn/utils/validation.py:1183: DataConversionWarning: A column-vector y was passed when a 1d array was expected. Please change the shape of y to (n_samples, ), for example using ravel().
  y = column_or_1d(y, warn=True)
/ediss_data/ediss6/ali/miniconda3/envs/pytorch-CycleGAN-and-pix2pix/lib/python3.8/site-packages/sklearn/utils/validation.py:1183: DataConversionWarning: A column-vector y was passed when a 1d array was expected. Please change the shape of y to (n_samples, ), for example using ravel().
  y = column_or_1d(y, warn=True)
/ediss_data/ediss6/ali/miniconda3/envs/pytorch-CycleGAN-and-pix2pix/lib/python3.8/site-packages/sklearn/ensemble/_gb.py:424: DataConversionWarning: A column-vector y was passed when a 1d array was expected. Please change the shape of y to (n_samples, ), for example using ravel().
  y = column_or_1d(y, warn=True)
/ediss_data/ediss6/ali/miniconda3/envs/pytorch-CycleGAN-and-pix2pix/lib/python3.8/site-packages/sklearn/ensemble/_gb.py:424: DataConversionWarning: A column-vector y was passed when a 1d array was expected. Please change the shape of y to (n_samples, ), for example using ravel().
  y = column_or_1d(y, warn=True)
/ediss_data/ediss6/ali/miniconda3/envs/pytorch-CycleGAN-and-pix2pix/lib/python3.8/site-packages/sklearn/ensemble/_gb.py:424: DataConversionWarning: A column-vector y was passed when a 1d array was expected. Please change the shape of y to (n_samples, ), for example using ravel().
  y = column_or_1d(y, warn=True)
/ediss_data/ediss6/ali/miniconda3/envs/pytorch-CycleGAN-and-pix2pix/lib/python3.8/site-packages/sklearn/utils/validation.py:1183: DataConversionWarning: A column-vector y was passed when a 1d array was expected. Please change the shape of y to (n_samples, ), for example using ravel().
  y = column_or_1d(y, warn=True)
/ediss_data/ediss6/ali/miniconda3/envs/pytorch-CycleGAN-and-pix2pix/lib/python3.8/site-packages/sklearn/utils/validation.py:1183: DataConversionWarning: A column-vector y was passed when a 1d array was expected. Please change the shape of y to (n_samples, ), for example using ravel().
  y = column_or_1d(y, warn=True)
/ediss_data/ediss6/ali/miniconda3/envs/pytorch-CycleGAN-and-pix2pix/lib/python3.8/site-packages/sklearn/utils/validation.py:1183: DataConversionWarning: A column-vector y was passed when a 1d array was expected. Please change the shape of y to (n_samples, ), for example using ravel().
  y = column_or_1d(y, warn=True)
/ediss_data/ediss6/ali/miniconda3/envs/pytorch-CycleGAN-and-pix2pix/lib/python3.8/site-packages/sklearn/utils/validation.py:1183: DataConversionWarning: A column-vector y was passed when a 1d array was expected. Please change the shape of y to (n_samples, ), for example using ravel().
  y = column_or_1d(y, warn=True)
/ediss_data/ediss6/ali/miniconda3/envs/pytorch-CycleGAN-and-pix2pix/lib/python3.8/site-packages/sklearn/utils/validation.py:1183: DataConversionWarning: A column-vector y was passed when a 1d array was expected. Please change the shape of y to (n_samples, ), for example using ravel().
  y = column_or_1d(y, warn=True)
/ediss_data/ediss6/ali/miniconda3/envs/pytorch-CycleGAN-and-pix2pix/lib/python3.8/site-packages/sklearn/neighbors/_classification.py:233: DataConversionWarning: A column-vector y was passed when a 1d array was expected. Please change the shape of y to (n_samples,), for example using ravel().
  return self._fit(X, y)
/ediss_data/ediss6/ali/miniconda3/envs/pytorch-CycleGAN-and-pix2pix/lib/python3.8/site-packages/sklearn/neighbors/_classification.py:233: DataConversionWarning: A column-vector y was passed when a 1d array was expected. Please change the shape of y to (n_samples,), for example using ravel().
  return self._fit(X, y)
/ediss_data/ediss6/ali/miniconda3/envs/pytorch-CycleGAN-and-pix2pix/lib/python3.8/site-packages/sklearn/utils/validation.py:1183: DataConversionWarning: A column-vector y was passed when a 1d array was expected. Please change the shape of y to (n_samples, ), for example using ravel().
  y = column_or_1d(y, warn=True)
/ediss_data/ediss6/ali/miniconda3/envs/pytorch-CycleGAN-and-pix2pix/lib/python3.8/site-packages/sklearn/utils/validation.py:1183: DataConversionWarning: A column-vector y was passed when a 1d array was expected. Please change the shape of y to (n_samples, ), for example using ravel().
  y = column_or_1d(y, warn=True)
/ediss_data/ediss6/ali/miniconda3/envs/pytorch-CycleGAN-and-pix2pix/lib/python3.8/site-packages/sklearn/utils/validation.py:1183: DataConversionWarning: A column-vector y was passed when a 1d array was expected. Please change the shape of y to (n_samples, ), for example using ravel().
  y = column_or_1d(y, warn=True)
/ediss_data/ediss6/ali/miniconda3/envs/pytorch-CycleGAN-and-pix2pix/lib/python3.8/site-packages/sklearn/utils/validation.py:1183: DataConversionWarning: A column-vector y was passed when a 1d array was expected. Please change the shape of y to (n_samples, ), for example using ravel().
  y = column_or_1d(y, warn=True)
/ediss_data/ediss6/ali/miniconda3/envs/pytorch-CycleGAN-and-pix2pix/lib/python3.8/site-packages/sklearn/utils/validation.py:1183: DataConversionWarning: A column-vector y was passed when a 1d array was expected. Please change the shape of y to (n_samples, ), for example using ravel().
  y = column_or_1d(y, warn=True)
/ediss_data/ediss6/ali/miniconda3/envs/pytorch-CycleGAN-and-pix2pix/lib/python3.8/site-packages/sklearn/utils/validation.py:1183: DataConversionWarning: A column-vector y was passed when a 1d array was expected. Please change the shape of y to (n_samples, ), for example using ravel().
  y = column_or_1d(y, warn=True)
/ediss_data/ediss6/ali/miniconda3/envs/pytorch-CycleGAN-and-pix2pix/lib/python3.8/site-packages/sklearn/utils/validation.py:1183: DataConversionWarning: A column-vector y was passed when a 1d array was expected. Please change the shape of y to (n_samples, ), for example using ravel().
  y = column_or_1d(y, warn=True)
/ediss_data/ediss6/ali/miniconda3/envs/pytorch-CycleGAN-and-pix2pix/lib/python3.8/site-packages/sklearn/utils/validation.py:1183: DataConversionWarning: A column-vector y was passed when a 1d array was expected. Please change the shape of y to (n_samples, ), for example using ravel().
  y = column_or_1d(y, warn=True)
/ediss_data/ediss6/ali/miniconda3/envs/pytorch-CycleGAN-and-pix2pix/lib/python3.8/site-packages/sklearn/base.py:1152: DataConversionWarning: A column-vector y was passed when a 1d array was expected. Please change the shape of y to (n_samples,), for example using ravel().
  return fit_method(estimator, *args, **kwargs)
/ediss_data/ediss6/ali/miniconda3/envs/pytorch-CycleGAN-and-pix2pix/lib/python3.8/site-packages/sklearn/base.py:1152: DataConversionWarning: A column-vector y was passed when a 1d array was expected. Please change the shape of y to (n_samples,), for example using ravel().
  return fit_method(estimator, *args, **kwargs)
/ediss_data/ediss6/ali/miniconda3/envs/pytorch-CycleGAN-and-pix2pix/lib/python3.8/site-packages/sklearn/base.py:1152: DataConversionWarning: A column-vector y was passed when a 1d array was expected. Please change the shape of y to (n_samples,), for example using ravel().
  return fit_method(estimator, *args, **kwargs)
/ediss_data/ediss6/ali/miniconda3/envs/pytorch-CycleGAN-and-pix2pix/lib/python3.8/site-packages/sklearn/base.py:1152: DataConversionWarning: A column-vector y was passed when a 1d array was expected. Please change the shape of y to (n_samples,), for example using ravel().
  return fit_method(estimator, *args, **kwargs)
/ediss_data/ediss6/ali/miniconda3/envs/pytorch-CycleGAN-and-pix2pix/lib/python3.8/site-packages/sklearn/base.py:1152: DataConversionWarning: A column-vector y was passed when a 1d array was expected. Please change the shape of y to (n_samples,), for example using ravel().
  return fit_method(estimator, *args, **kwargs)
/ediss_data/ediss6/ali/miniconda3/envs/pytorch-CycleGAN-and-pix2pix/lib/python3.8/site-packages/sklearn/base.py:1152: DataConversionWarning: A column-vector y was passed when a 1d array was expected. Please change the shape of y to (n_samples,), for example using ravel().
  return fit_method(estimator, *args, **kwargs)
/ediss_data/ediss6/ali/miniconda3/envs/pytorch-CycleGAN-and-pix2pix/lib/python3.8/site-packages/sklearn/base.py:1152: DataConversionWarning: A column-vector y was passed when a 1d array was expected. Please change the shape of y to (n_samples,), for example using ravel().
  return fit_method(estimator, *args, **kwargs)
/ediss_data/ediss6/ali/miniconda3/envs/pytorch-CycleGAN-and-pix2pix/lib/python3.8/site-packages/sklearn/neural_network/_multilayer_perceptron.py:1102: DataConversionWarning: A column-vector y was passed when a 1d array was expected. Please change the shape of y to (n_samples, ), for example using ravel().
  y = column_or_1d(y, warn=True)
/ediss_data/ediss6/ali/miniconda3/envs/pytorch-CycleGAN-and-pix2pix/lib/python3.8/site-packages/sklearn/neural_network/_multilayer_perceptron.py:1102: DataConversionWarning: A column-vector y was passed when a 1d array was expected. Please change the shape of y to (n_samples, ), for example using ravel().
  y = column_or_1d(y, warn=True)
/ediss_data/ediss6/ali/miniconda3/envs/pytorch-CycleGAN-and-pix2pix/lib/python3.8/site-packages/sklearn/utils/validation.py:1183: DataConversionWarning: A column-vector y was passed when a 1d array was expected. Please change the shape of y to (n_samples, ), for example using ravel().
  y = column_or_1d(y, warn=True)
/ediss_data/ediss6/ali/miniconda3/envs/pytorch-CycleGAN-and-pix2pix/lib/python3.8/site-packages/sklearn/utils/validation.py:1183: DataConversionWarning: A column-vector y was passed when a 1d array was expected. Please change the shape of y to (n_samples, ), for example using ravel().
  y = column_or_1d(y, warn=True)
/ediss_data/ediss6/ali/miniconda3/envs/pytorch-CycleGAN-and-pix2pix/lib/python3.8/site-packages/sklearn/utils/validation.py:1183: DataConversionWarning: A column-vector y was passed when a 1d array was expected. Please change the shape of y to (n_samples, ), for example using ravel().
  y = column_or_1d(y, warn=True)
/ediss_data/ediss6/ali/miniconda3/envs/pytorch-CycleGAN-and-pix2pix/lib/python3.8/site-packages/sklearn/utils/validation.py:1183: DataConversionWarning: A column-vector y was passed when a 1d array was expected. Please change the shape of y to (n_samples, ), for example using ravel().
  y = column_or_1d(y, warn=True)
/ediss_data/ediss6/ali/miniconda3/envs/pytorch-CycleGAN-and-pix2pix/lib/python3.8/site-packages/sklearn/utils/validation.py:1183: DataConversionWarning: A column-vector y was passed when a 1d array was expected. Please change the shape of y to (n_samples, ), for example using ravel().
  y = column_or_1d(y, warn=True)
/ediss_data/ediss6/ali/miniconda3/envs/pytorch-CycleGAN-and-pix2pix/lib/python3.8/site-packages/sklearn/utils/validation.py:1183: DataConversionWarning: A column-vector y was passed when a 1d array was expected. Please change the shape of y to (n_samples, ), for example using ravel().
  y = column_or_1d(y, warn=True)
/ediss_data/ediss6/ali/miniconda3/envs/pytorch-CycleGAN-and-pix2pix/lib/python3.8/site-packages/sklearn/ensemble/_gb.py:424: DataConversionWarning: A column-vector y was passed when a 1d array was expected. Please change the shape of y to (n_samples, ), for example using ravel().
  y = column_or_1d(y, warn=True)
/ediss_data/ediss6/ali/miniconda3/envs/pytorch-CycleGAN-and-pix2pix/lib/python3.8/site-packages/sklearn/ensemble/_gb.py:424: DataConversionWarning: A column-vector y was passed when a 1d array was expected. Please change the shape of y to (n_samples, ), for example using ravel().
  y = column_or_1d(y, warn=True)
/ediss_data/ediss6/ali/miniconda3/envs/pytorch-CycleGAN-and-pix2pix/lib/python3.8/site-packages/sklearn/utils/validation.py:1183: DataConversionWarning: A column-vector y was passed when a 1d array was expected. Please change the shape of y to (n_samples, ), for example using ravel().
  y = column_or_1d(y, warn=True)
/ediss_data/ediss6/ali/miniconda3/envs/pytorch-CycleGAN-and-pix2pix/lib/python3.8/site-packages/sklearn/utils/validation.py:1183: DataConversionWarning: A column-vector y was passed when a 1d array was expected. Please change the shape of y to (n_samples, ), for example using ravel().
  y = column_or_1d(y, warn=True)
/ediss_data/ediss6/ali/miniconda3/envs/pytorch-CycleGAN-and-pix2pix/lib/python3.8/site-packages/sklearn/utils/validation.py:1183: DataConversionWarning: A column-vector y was passed when a 1d array was expected. Please change the shape of y to (n_samples, ), for example using ravel().
  y = column_or_1d(y, warn=True)
/ediss_data/ediss6/ali/miniconda3/envs/pytorch-CycleGAN-and-pix2pix/lib/python3.8/site-packages/sklearn/utils/validation.py:1183: DataConversionWarning: A column-vector y was passed when a 1d array was expected. Please change the shape of y to (n_samples, ), for example using ravel().
  y = column_or_1d(y, warn=True)
/ediss_data/ediss6/ali/miniconda3/envs/pytorch-CycleGAN-and-pix2pix/lib/python3.8/site-packages/sklearn/utils/validation.py:1183: DataConversionWarning: A column-vector y was passed when a 1d array was expected. Please change the shape of y to (n_samples, ), for example using ravel().
  y = column_or_1d(y, warn=True)
/ediss_data/ediss6/ali/miniconda3/envs/pytorch-CycleGAN-and-pix2pix/lib/python3.8/site-packages/sklearn/base.py:1152: DataConversionWarning: A column-vector y was passed when a 1d array was expected. Please change the shape of y to (n_samples,), for example using ravel().
  return fit_method(estimator, *args, **kwargs)
/ediss_data/ediss6/ali/miniconda3/envs/pytorch-CycleGAN-and-pix2pix/lib/python3.8/site-packages/sklearn/neural_network/_multilayer_perceptron.py:1102: DataConversionWarning: A column-vector y was passed when a 1d array was expected. Please change the shape of y to (n_samples, ), for example using ravel().
  y = column_or_1d(y, warn=True)
/ediss_data/ediss6/ali/miniconda3/envs/pytorch-CycleGAN-and-pix2pix/lib/python3.8/site-packages/sklearn/neural_network/_multilayer_perceptron.py:1102: DataConversionWarning: A column-vector y was passed when a 1d array was expected. Please change the shape of y to (n_samples, ), for example using ravel().
  y = column_or_1d(y, warn=True)
/ediss_data/ediss6/ali/miniconda3/envs/pytorch-CycleGAN-and-pix2pix/lib/python3.8/site-packages/sklearn/neural_network/_multilayer_perceptron.py:1102: DataConversionWarning: A column-vector y was passed when a 1d array was expected. Please change the shape of y to (n_samples, ), for example using ravel().
  y = column_or_1d(y, warn=True)
/ediss_data/ediss6/ali/miniconda3/envs/pytorch-CycleGAN-and-pix2pix/lib/python3.8/site-packages/sklearn/utils/validation.py:1183: DataConversionWarning: A column-vector y was passed when a 1d array was expected. Please change the shape of y to (n_samples, ), for example using ravel().
  y = column_or_1d(y, warn=True)
/ediss_data/ediss6/ali/miniconda3/envs/pytorch-CycleGAN-and-pix2pix/lib/python3.8/site-packages/sklearn/utils/validation.py:1183: DataConversionWarning: A column-vector y was passed when a 1d array was expected. Please change the shape of y to (n_samples, ), for example using ravel().
  y = column_or_1d(y, warn=True)
/ediss_data/ediss6/ali/miniconda3/envs/pytorch-CycleGAN-and-pix2pix/lib/python3.8/site-packages/sklearn/utils/validation.py:1183: DataConversionWarning: A column-vector y was passed when a 1d array was expected. Please change the shape of y to (n_samples, ), for example using ravel().
  y = column_or_1d(y, warn=True)
/ediss_data/ediss6/ali/miniconda3/envs/pytorch-CycleGAN-and-pix2pix/lib/python3.8/site-packages/sklearn/utils/validation.py:1183: DataConversionWarning: A column-vector y was passed when a 1d array was expected. Please change the shape of y to (n_samples, ), for example using ravel().
  y = column_or_1d(y, warn=True)
/ediss_data/ediss6/ali/miniconda3/envs/pytorch-CycleGAN-and-pix2pix/lib/python3.8/site-packages/sklearn/utils/validation.py:1183: DataConversionWarning: A column-vector y was passed when a 1d array was expected. Please change the shape of y to (n_samples, ), for example using ravel().
  y = column_or_1d(y, warn=True)
/ediss_data/ediss6/ali/miniconda3/envs/pytorch-CycleGAN-and-pix2pix/lib/python3.8/site-packages/sklearn/utils/validation.py:1183: DataConversionWarning: A column-vector y was passed when a 1d array was expected. Please change the shape of y to (n_samples, ), for example using ravel().
  y = column_or_1d(y, warn=True)
/ediss_data/ediss6/ali/miniconda3/envs/pytorch-CycleGAN-and-pix2pix/lib/python3.8/site-packages/sklearn/utils/validation.py:1183: DataConversionWarning: A column-vector y was passed when a 1d array was expected. Please change the shape of y to (n_samples, ), for example using ravel().
  y = column_or_1d(y, warn=True)
/ediss_data/ediss6/ali/miniconda3/envs/pytorch-CycleGAN-and-pix2pix/lib/python3.8/site-packages/sklearn/utils/validation.py:1183: DataConversionWarning: A column-vector y was passed when a 1d array was expected. Please change the shape of y to (n_samples, ), for example using ravel().
  y = column_or_1d(y, warn=True)
/ediss_data/ediss6/ali/miniconda3/envs/pytorch-CycleGAN-and-pix2pix/lib/python3.8/site-packages/sklearn/utils/validation.py:1183: DataConversionWarning: A column-vector y was passed when a 1d array was expected. Please change the shape of y to (n_samples, ), for example using ravel().
  y = column_or_1d(y, warn=True)
/ediss_data/ediss6/ali/miniconda3/envs/pytorch-CycleGAN-and-pix2pix/lib/python3.8/site-packages/sklearn/ensemble/_gb.py:424: DataConversionWarning: A column-vector y was passed when a 1d array was expected. Please change the shape of y to (n_samples, ), for example using ravel().
  y = column_or_1d(y, warn=True)
/ediss_data/ediss6/ali/miniconda3/envs/pytorch-CycleGAN-and-pix2pix/lib/python3.8/site-packages/sklearn/ensemble/_gb.py:424: DataConversionWarning: A column-vector y was passed when a 1d array was expected. Please change the shape of y to (n_samples, ), for example using ravel().
  y = column_or_1d(y, warn=True)
/ediss_data/ediss6/ali/miniconda3/envs/pytorch-CycleGAN-and-pix2pix/lib/python3.8/site-packages/sklearn/ensemble/_gb.py:424: DataConversionWarning: A column-vector y was passed when a 1d array was expected. Please change the shape of y to (n_samples, ), for example using ravel().
  y = column_or_1d(y, warn=True)
/ediss_data/ediss6/ali/miniconda3/envs/pytorch-CycleGAN-and-pix2pix/lib/python3.8/site-packages/sklearn/utils/validation.py:1183: DataConversionWarning: A column-vector y was passed when a 1d array was expected. Please change the shape of y to (n_samples, ), for example using ravel().
  y = column_or_1d(y, warn=True)
/ediss_data/ediss6/ali/miniconda3/envs/pytorch-CycleGAN-and-pix2pix/lib/python3.8/site-packages/sklearn/utils/validation.py:1183: DataConversionWarning: A column-vector y was passed when a 1d array was expected. Please change the shape of y to (n_samples, ), for example using ravel().
  y = column_or_1d(y, warn=True)
/ediss_data/ediss6/ali/miniconda3/envs/pytorch-CycleGAN-and-pix2pix/lib/python3.8/site-packages/sklearn/utils/validation.py:1183: DataConversionWarning: A column-vector y was passed when a 1d array was expected. Please change the shape of y to (n_samples, ), for example using ravel().
  y = column_or_1d(y, warn=True)
/ediss_data/ediss6/ali/miniconda3/envs/pytorch-CycleGAN-and-pix2pix/lib/python3.8/site-packages/sklearn/utils/validation.py:1183: DataConversionWarning: A column-vector y was passed when a 1d array was expected. Please change the shape of y to (n_samples, ), for example using ravel().
  y = column_or_1d(y, warn=True)
/ediss_data/ediss6/ali/miniconda3/envs/pytorch-CycleGAN-and-pix2pix/lib/python3.8/site-packages/sklearn/utils/validation.py:1183: DataConversionWarning: A column-vector y was passed when a 1d array was expected. Please change the shape of y to (n_samples, ), for example using ravel().
  y = column_or_1d(y, warn=True)
/ediss_data/ediss6/ali/miniconda3/envs/pytorch-CycleGAN-and-pix2pix/lib/python3.8/site-packages/sklearn/base.py:1152: DataConversionWarning: A column-vector y was passed when a 1d array was expected. Please change the shape of y to (n_samples,), for example using ravel().
  return fit_method(estimator, *args, **kwargs)
/ediss_data/ediss6/ali/miniconda3/envs/pytorch-CycleGAN-and-pix2pix/lib/python3.8/site-packages/sklearn/neural_network/_multilayer_perceptron.py:1102: DataConversionWarning: A column-vector y was passed when a 1d array was expected. Please change the shape of y to (n_samples, ), for example using ravel().
  y = column_or_1d(y, warn=True)
/ediss_data/ediss6/ali/miniconda3/envs/pytorch-CycleGAN-and-pix2pix/lib/python3.8/site-packages/sklearn/neural_network/_multilayer_perceptron.py:1102: DataConversionWarning: A column-vector y was passed when a 1d array was expected. Please change the shape of y to (n_samples, ), for example using ravel().
  y = column_or_1d(y, warn=True)
/ediss_data/ediss6/ali/miniconda3/envs/pytorch-CycleGAN-and-pix2pix/lib/python3.8/site-packages/sklearn/neural_network/_multilayer_perceptron.py:1102: DataConversionWarning: A column-vector y was passed when a 1d array was expected. Please change the shape of y to (n_samples, ), for example using ravel().
  y = column_or_1d(y, warn=True)
/ediss_data/ediss6/ali/miniconda3/envs/pytorch-CycleGAN-and-pix2pix/lib/python3.8/site-packages/sklearn/utils/validation.py:1183: DataConversionWarning: A column-vector y was passed when a 1d array was expected. Please change the shape of y to (n_samples, ), for example using ravel().
  y = column_or_1d(y, warn=True)
/ediss_data/ediss6/ali/miniconda3/envs/pytorch-CycleGAN-and-pix2pix/lib/python3.8/site-packages/sklearn/utils/validation.py:1183: DataConversionWarning: A column-vector y was passed when a 1d array was expected. Please change the shape of y to (n_samples, ), for example using ravel().
  y = column_or_1d(y, warn=True)
/ediss_data/ediss6/ali/miniconda3/envs/pytorch-CycleGAN-and-pix2pix/lib/python3.8/site-packages/sklearn/utils/validation.py:1183: DataConversionWarning: A column-vector y was passed when a 1d array was expected. Please change the shape of y to (n_samples, ), for example using ravel().
  y = column_or_1d(y, warn=True)
/ediss_data/ediss6/ali/miniconda3/envs/pytorch-CycleGAN-and-pix2pix/lib/python3.8/site-packages/sklearn/utils/validation.py:1183: DataConversionWarning: A column-vector y was passed when a 1d array was expected. Please change the shape of y to (n_samples, ), for example using ravel().
  y = column_or_1d(y, warn=True)
/ediss_data/ediss6/ali/miniconda3/envs/pytorch-CycleGAN-and-pix2pix/lib/python3.8/site-packages/sklearn/utils/validation.py:1183: DataConversionWarning: A column-vector y was passed when a 1d array was expected. Please change the shape of y to (n_samples, ), for example using ravel().
  y = column_or_1d(y, warn=True)
/ediss_data/ediss6/ali/miniconda3/envs/pytorch-CycleGAN-and-pix2pix/lib/python3.8/site-packages/sklearn/utils/validation.py:1183: DataConversionWarning: A column-vector y was passed when a 1d array was expected. Please change the shape of y to (n_samples, ), for example using ravel().
  y = column_or_1d(y, warn=True)
/ediss_data/ediss6/ali/miniconda3/envs/pytorch-CycleGAN-and-pix2pix/lib/python3.8/site-packages/sklearn/ensemble/_gb.py:424: DataConversionWarning: A column-vector y was passed when a 1d array was expected. Please change the shape of y to (n_samples, ), for example using ravel().
  y = column_or_1d(y, warn=True)
/ediss_data/ediss6/ali/miniconda3/envs/pytorch-CycleGAN-and-pix2pix/lib/python3.8/site-packages/sklearn/ensemble/_gb.py:424: DataConversionWarning: A column-vector y was passed when a 1d array was expected. Please change the shape of y to (n_samples, ), for example using ravel().
  y = column_or_1d(y, warn=True)
/ediss_data/ediss6/ali/miniconda3/envs/pytorch-CycleGAN-and-pix2pix/lib/python3.8/site-packages/sklearn/utils/validation.py:1183: DataConversionWarning: A column-vector y was passed when a 1d array was expected. Please change the shape of y to (n_samples, ), for example using ravel().
  y = column_or_1d(y, warn=True)
/ediss_data/ediss6/ali/miniconda3/envs/pytorch-CycleGAN-and-pix2pix/lib/python3.8/site-packages/sklearn/utils/validation.py:1183: DataConversionWarning: A column-vector y was passed when a 1d array was expected. Please change the shape of y to (n_samples, ), for example using ravel().
  y = column_or_1d(y, warn=True)
/ediss_data/ediss6/ali/miniconda3/envs/pytorch-CycleGAN-and-pix2pix/lib/python3.8/site-packages/sklearn/utils/validation.py:1183: DataConversionWarning: A column-vector y was passed when a 1d array was expected. Please change the shape of y to (n_samples, ), for example using ravel().
  y = column_or_1d(y, warn=True)
/ediss_data/ediss6/ali/miniconda3/envs/pytorch-CycleGAN-and-pix2pix/lib/python3.8/site-packages/sklearn/utils/validation.py:1183: DataConversionWarning: A column-vector y was passed when a 1d array was expected. Please change the shape of y to (n_samples, ), for example using ravel().
  y = column_or_1d(y, warn=True)
/ediss_data/ediss6/ali/miniconda3/envs/pytorch-CycleGAN-and-pix2pix/lib/python3.8/site-packages/sklearn/utils/validation.py:1183: DataConversionWarning: A column-vector y was passed when a 1d array was expected. Please change the shape of y to (n_samples, ), for example using ravel().
  y = column_or_1d(y, warn=True)
